<?xml version="1.0" encoding="UTF-8"?>
<!-- Generated by org.testng.reporters.JUnitReportReporter -->
<testsuite hostname="LAPTOP-4SOUBLRA" failures="0" tests="2" name="test.com.AddBagTest" time="40.877" errors="0" timestamp="26 Jan 2024 21:00:30 GMT">
  <testcase classname="test.com.AddBagTest" name="testAddBag" time="17.076"/>
  <testcase classname="test.com.AddBagTest" name="testAddBag2" time="23.801"/>
</testsuite> <!-- test.com.AddBagTest -->
